2025/03/04 13:53:42.293937 jobs_init.go:18: [97m[INFO][0m [Schedule]  - Initialise - Started
2025/03/04 13:53:42.294126 jobs_init.go:25: [97m[INFO][0m [Schedule] frantic-aliquid - Initialise - Complete
2025/03/04 13:53:42.967658 grants.go:35: [97m[INFO][0m [frantic-aliquid] Granting [frantic-aliquid⦂list⦂authorities] to [sys_service]
2025/03/04 13:53:42.981458 grants.go:35: [97m[INFO][0m [frantic-aliquid] Granting [frantic-aliquid⦂view⦂authorities] to [sys_service]
2025/03/04 13:53:43.001532 grants.go:35: [97m[INFO][0m [frantic-aliquid] Granting [frantic-aliquid⦂edit⦂authorities] to [sys_service]
2025/03/04 13:53:43.070750 grants.go:35: [97m[INFO][0m [frantic-aliquid] Granting [frantic-aliquid⦂update⦂authorities] to [sys_service]
2025/03/04 13:53:43.088672 grants.go:35: [97m[INFO][0m [frantic-aliquid] Granting [frantic-aliquid⦂list⦂behaviours] to [sys_service]
2025/03/04 13:53:43.107644 grants.go:35: [97m[INFO][0m [frantic-aliquid] Granting [frantic-aliquid⦂view⦂behaviours] to [sys_service]
2025/03/04 13:53:43.123674 grants.go:35: [97m[INFO][0m [frantic-aliquid] Granting [frantic-aliquid⦂edit⦂behaviours] to [sys_service]
2025/03/04 13:53:43.137636 grants.go:35: [97m[INFO][0m [frantic-aliquid] Granting [frantic-aliquid⦂update⦂behaviours] to [sys_service]
2025/03/04 13:53:43.154644 grants.go:35: [97m[INFO][0m [frantic-aliquid] Granting [frantic-aliquid⦂route⦂home] to [sys_service]
2025/03/04 13:53:43.169618 grants.go:35: [97m[INFO][0m [frantic-aliquid] Granting [frantic-aliquid⦂message⦂oops] to [sys_service]
2025/03/04 13:53:43.183745 grants.go:35: [97m[INFO][0m [frantic-aliquid] Granting [frantic-aliquid⦂message⦂fail] to [sys_service]
2025/03/04 13:53:43.200657 grants.go:35: [97m[INFO][0m [frantic-aliquid] Granting [frantic-aliquid⦂message⦂success] to [sys_service]
2025/03/04 13:53:43.273197 grants.go:35: [97m[INFO][0m [frantic-aliquid] Granting [frantic-aliquid⦂list⦂users] to [sys_service]
2025/03/04 13:53:43.290280 grants.go:35: [97m[INFO][0m [frantic-aliquid] Granting [frantic-aliquid⦂view⦂users] to [sys_service]
2025/03/04 13:53:43.308226 grants.go:35: [97m[INFO][0m [frantic-aliquid] Granting [frantic-aliquid⦂edit⦂users] to [sys_service]
2025/03/04 13:53:43.326203 grants.go:35: [97m[INFO][0m [frantic-aliquid] Granting [frantic-aliquid⦂update⦂users] to [sys_service]
2025/03/04 13:53:43.353304 grants.go:35: [97m[INFO][0m [frantic-aliquid] Granting [frantic-aliquid⦂list⦂status] to [sys_service]
2025/03/04 13:53:43.371167 grants.go:35: [97m[INFO][0m [frantic-aliquid] Granting [frantic-aliquid⦂view⦂status] to [sys_service]
2025/03/04 13:53:43.388163 grants.go:35: [97m[INFO][0m [frantic-aliquid] Granting [frantic-aliquid⦂edit⦂status] to [sys_service]
2025/03/04 13:53:43.403144 grants.go:35: [97m[INFO][0m [frantic-aliquid] Granting [frantic-aliquid⦂update⦂status] to [sys_service]
2025/03/04 13:53:43.417385 grants.go:35: [97m[INFO][0m [frantic-aliquid] Granting [frantic-aliquid⦂view⦂settings] to [sys_service]
2025/03/04 13:53:43.444091 grants.go:35: [97m[INFO][0m [frantic-aliquid] Granting [frantic-aliquid⦂edit⦂settings] to [sys_service]
2025/03/04 13:53:43.458210 grants.go:35: [97m[INFO][0m [frantic-aliquid] Granting [frantic-aliquid⦂update⦂settings] to [sys_service]
2025/03/04 13:53:43.473039 grants.go:35: [97m[INFO][0m [frantic-aliquid] Granting [frantic-aliquid⦂list⦂zones] to [sys_service]
2025/03/04 13:53:43.489196 grants.go:35: [97m[INFO][0m [frantic-aliquid] Granting [frantic-aliquid⦂view⦂zones] to [sys_service]
2025/03/04 13:53:43.504180 grants.go:35: [97m[INFO][0m [frantic-aliquid] Granting [frantic-aliquid⦂edit⦂zones] to [sys_service]
2025/03/04 13:53:43.520157 grants.go:35: [97m[INFO][0m [frantic-aliquid] Granting [frantic-aliquid⦂update⦂zones] to [sys_service]
2025/03/04 13:53:43.537141 grants.go:35: [97m[INFO][0m [frantic-aliquid] Granting [frantic-aliquid⦂list⦂hosts] to [sys_service]
2025/03/04 13:53:43.554184 grants.go:35: [97m[INFO][0m [frantic-aliquid] Granting [frantic-aliquid⦂view⦂hosts] to [sys_service]
2025/03/04 13:53:43.570180 grants.go:35: [97m[INFO][0m [frantic-aliquid] Granting [frantic-aliquid⦂edit⦂hosts] to [sys_service]
2025/03/04 13:53:43.588114 grants.go:35: [97m[INFO][0m [frantic-aliquid] Granting [frantic-aliquid⦂update⦂hosts] to [sys_service]
2025/03/04 13:53:43.606343 grants.go:35: [97m[INFO][0m [frantic-aliquid] Granting [frantic-aliquid⦂enable⦂hosts] to [sys_service]
2025/03/04 13:53:43.630221 grants.go:35: [97m[INFO][0m [frantic-aliquid] Granting [frantic-aliquid⦂disable⦂hosts] to [sys_service]
2025/03/04 13:53:43.646073 grants.go:35: [97m[INFO][0m [frantic-aliquid] Granting [frantic-aliquid⦂message⦂healthcheck] to [sys_service]
2025/03/04 13:53:43.662155 grants.go:35: [97m[INFO][0m [frantic-aliquid] Granting [frantic-aliquid⦂message⦂apis] to [sys_service]
2025/03/04 13:53:43.678161 grants.go:35: [97m[INFO][0m [frantic-aliquid] Granting [frantic-aliquid⦂list⦂security] to [sys_service]
2025/03/04 13:53:43.694211 grants.go:35: [97m[INFO][0m [frantic-aliquid] Granting [frantic-aliquid⦂view⦂security] to [sys_service]
2025/03/04 13:53:43.710236 grants.go:35: [97m[INFO][0m [frantic-aliquid] Granting [frantic-aliquid⦂edit⦂security] to [sys_service]
2025/03/04 13:53:43.726123 grants.go:35: [97m[INFO][0m [frantic-aliquid] Granting [frantic-aliquid⦂update⦂security] to [sys_service]
2025/03/04 13:53:43.742188 grants.go:35: [97m[INFO][0m [frantic-aliquid] Granting [frantic-aliquid⦂api⦂admin] to [sys_service]
2025/03/04 13:53:43.758160 grants.go:35: [97m[INFO][0m [frantic-aliquid] Granting [frantic-aliquid⦂edit⦂passwords] to [sys_service]
2025/03/04 13:53:43.777112 grants.go:35: [97m[INFO][0m [frantic-aliquid] Granting [frantic-aliquid⦂edit⦂sessions] to [sys_service]
2025/03/04 13:53:43.794174 grants.go:35: [97m[INFO][0m [frantic-aliquid] Granting [frantic-aliquid⦂edit⦂texts] to [sys_service]
2025/03/04 13:53:43.810196 grants.go:35: [97m[INFO][0m [frantic-aliquid] Granting [frantic-aliquid⦂login⦂security] to [sys_service]
2025/03/04 13:53:43.868085 grants.go:35: [97m[INFO][0m [frantic-aliquid] Granting [frantic-aliquid⦂list⦂passwords] to [sys_service]
2025/03/04 13:53:43.884143 grants.go:35: [97m[INFO][0m [frantic-aliquid] Granting [frantic-aliquid⦂list⦂sessions] to [sys_service]
2025/03/04 13:53:43.900215 grants.go:35: [97m[INFO][0m [frantic-aliquid] Granting [frantic-aliquid⦂list⦂texts] to [sys_service]
2025/03/04 13:53:43.917138 grants.go:35: [97m[INFO][0m [frantic-aliquid] Granting [frantic-aliquid⦂route⦂routes] to [sys_service]
2025/03/04 13:53:44.007916 grants.go:35: [97m[INFO][0m [frantic-aliquid] Granting [frantic-aliquid⦂update⦂sessions] to [sys_service]
2025/03/04 13:53:44.026952 grants.go:35: [97m[INFO][0m [frantic-aliquid] Granting [frantic-aliquid⦂update⦂passwords] to [sys_service]
2025/03/04 13:53:44.044838 grants.go:35: [97m[INFO][0m [frantic-aliquid] Granting [frantic-aliquid⦂update⦂texts] to [sys_service]
2025/03/04 13:53:44.063777 grants.go:35: [97m[INFO][0m [frantic-aliquid] Granting [frantic-aliquid⦂view⦂passwords] to [sys_service]
2025/03/04 13:53:44.080811 grants.go:35: [97m[INFO][0m [frantic-aliquid] Granting [frantic-aliquid⦂view⦂sessions] to [sys_service]
2025/03/04 13:53:44.096818 grants.go:35: [97m[INFO][0m [frantic-aliquid] Granting [frantic-aliquid⦂view⦂tests] to [sys_service]
2025/03/04 13:53:44.114854 grants.go:35: [97m[INFO][0m [frantic-aliquid] Granting [frantic-aliquid⦂view⦂texts] to [sys_service]
