2025/03/04 13:53:42.336456 behaviourStore_helpers.go:154: [35m[SECURITY][0m [AUTHORITIES] [AUTHORITIES] ID=[100000] Raw=[frantic-aliquid⦂list⦂authorities]
2025/03/04 13:53:42.350521 behaviourStore_helpers.go:154: [35m[SECURITY][0m [AUTHORITIES] [AUTHORITIES] ID=[100001] Raw=[frantic-aliquid⦂view⦂authorities]
2025/03/04 13:53:42.359420 behaviourStore_helpers.go:154: [35m[SECURITY][0m [AUTHORITIES] [AUTHORITIES] ID=[100002] Raw=[frantic-aliquid⦂edit⦂authorities]
2025/03/04 13:53:42.368355 behaviourStore_helpers.go:154: [35m[SECURITY][0m [AUTHORITIES] [AUTHORITIES] ID=[100003] Raw=[frantic-aliquid⦂update⦂authorities]
2025/03/04 13:53:42.377385 behaviourStore_helpers.go:154: [35m[SECURITY][0m [BEHAVIOURS] [BEHAVIOURS] ID=[100004] Raw=[frantic-aliquid⦂list⦂behaviours]
2025/03/04 13:53:42.385376 behaviourStore_helpers.go:154: [35m[SECURITY][0m [BEHAVIOURS] [BEHAVIOURS] ID=[100005] Raw=[frantic-aliquid⦂view⦂behaviours]
2025/03/04 13:53:42.393396 behaviourStore_helpers.go:154: [35m[SECURITY][0m [BEHAVIOURS] [BEHAVIOURS] ID=[100006] Raw=[frantic-aliquid⦂edit⦂behaviours]
2025/03/04 13:53:42.401485 behaviourStore_helpers.go:154: [35m[SECURITY][0m [BEHAVIOURS] [BEHAVIOURS] ID=[100007] Raw=[frantic-aliquid⦂update⦂behaviours]
2025/03/04 13:53:42.409389 behaviourStore_helpers.go:154: [35m[SECURITY][0m [HOME] [HOME] ID=[100008] Raw=[frantic-aliquid⦂route⦂home]
2025/03/04 13:53:42.417374 behaviourStore_helpers.go:154: [35m[SECURITY][0m [OOPS] [OOPS] ID=[100009] Raw=[frantic-aliquid⦂message⦂oops]
2025/03/04 13:53:42.425447 behaviourStore_helpers.go:154: [35m[SECURITY][0m [FAIL] [FAIL] ID=[100010] Raw=[frantic-aliquid⦂message⦂fail]
2025/03/04 13:53:42.433346 behaviourStore_helpers.go:154: [35m[SECURITY][0m [SUCCESS] [SUCCESS] ID=[100011] Raw=[frantic-aliquid⦂message⦂success]
2025/03/04 13:53:42.541268 behaviourStore_helpers.go:154: [35m[SECURITY][0m [USERS] [USERS] ID=[100012] Raw=[frantic-aliquid⦂list⦂users]
2025/03/04 13:53:42.548978 behaviourStore_helpers.go:154: [35m[SECURITY][0m [USERS] [USERS] ID=[100013] Raw=[frantic-aliquid⦂view⦂users]
2025/03/04 13:53:42.560884 behaviourStore_helpers.go:154: [35m[SECURITY][0m [USERS] [USERS] ID=[100014] Raw=[frantic-aliquid⦂edit⦂users]
2025/03/04 13:53:42.569939 behaviourStore_helpers.go:154: [35m[SECURITY][0m [USERS] [USERS] ID=[100015] Raw=[frantic-aliquid⦂update⦂users]
2025/03/04 13:53:42.577892 behaviourStore_helpers.go:154: [35m[SECURITY][0m [STATUS] [STATUS] ID=[100016] Raw=[frantic-aliquid⦂list⦂status]
2025/03/04 13:53:42.585847 behaviourStore_helpers.go:154: [35m[SECURITY][0m [STATUS] [STATUS] ID=[100017] Raw=[frantic-aliquid⦂view⦂status]
2025/03/04 13:53:42.593844 behaviourStore_helpers.go:154: [35m[SECURITY][0m [STATUS] [STATUS] ID=[100018] Raw=[frantic-aliquid⦂edit⦂status]
2025/03/04 13:53:42.601866 behaviourStore_helpers.go:154: [35m[SECURITY][0m [STATUS] [STATUS] ID=[100019] Raw=[frantic-aliquid⦂update⦂status]
2025/03/04 13:53:42.609890 behaviourStore_helpers.go:154: [35m[SECURITY][0m [SETTINGS] [SETTINGS] ID=[100020] Raw=[frantic-aliquid⦂view⦂settings]
2025/03/04 13:53:42.617901 behaviourStore_helpers.go:154: [35m[SECURITY][0m [SETTINGS] [SETTINGS] ID=[100021] Raw=[frantic-aliquid⦂edit⦂settings]
2025/03/04 13:53:42.625857 behaviourStore_helpers.go:154: [35m[SECURITY][0m [SETTINGS] [SETTINGS] ID=[100022] Raw=[frantic-aliquid⦂update⦂settings]
2025/03/04 13:53:42.633824 behaviourStore_helpers.go:154: [35m[SECURITY][0m [ZONES] [ZONES] ID=[100023] Raw=[frantic-aliquid⦂list⦂zones]
2025/03/04 13:53:42.641938 behaviourStore_helpers.go:154: [35m[SECURITY][0m [ZONES] [ZONES] ID=[100024] Raw=[frantic-aliquid⦂view⦂zones]
2025/03/04 13:53:42.649853 behaviourStore_helpers.go:154: [35m[SECURITY][0m [ZONES] [ZONES] ID=[100025] Raw=[frantic-aliquid⦂edit⦂zones]
2025/03/04 13:53:42.657865 behaviourStore_helpers.go:154: [35m[SECURITY][0m [ZONES] [ZONES] ID=[100026] Raw=[frantic-aliquid⦂update⦂zones]
2025/03/04 13:53:42.665860 behaviourStore_helpers.go:154: [35m[SECURITY][0m [HOSTS] [HOSTS] ID=[100027] Raw=[frantic-aliquid⦂list⦂hosts]
2025/03/04 13:53:42.673897 behaviourStore_helpers.go:154: [35m[SECURITY][0m [HOSTS] [HOSTS] ID=[100028] Raw=[frantic-aliquid⦂view⦂hosts]
2025/03/04 13:53:42.681825 behaviourStore_helpers.go:154: [35m[SECURITY][0m [HOSTS] [HOSTS] ID=[100029] Raw=[frantic-aliquid⦂edit⦂hosts]
2025/03/04 13:53:42.689920 behaviourStore_helpers.go:154: [35m[SECURITY][0m [HOSTS] [HOSTS] ID=[100030] Raw=[frantic-aliquid⦂update⦂hosts]
2025/03/04 13:53:42.697878 behaviourStore_helpers.go:154: [35m[SECURITY][0m [HOSTS] [HOSTS] ID=[100031] Raw=[frantic-aliquid⦂enable⦂hosts]
2025/03/04 13:53:42.706124 behaviourStore_helpers.go:154: [35m[SECURITY][0m [HOSTS] [HOSTS] ID=[100032] Raw=[frantic-aliquid⦂disable⦂hosts]
2025/03/04 13:53:42.787386 behaviourStore_helpers.go:154: [35m[SECURITY][0m [HEALTHCHECK] [HEALTHCHECK] ID=[100033] Raw=[frantic-aliquid⦂message⦂healthcheck]
2025/03/04 13:53:42.795382 behaviourStore_helpers.go:154: [35m[SECURITY][0m [APIS] [APIS] ID=[100034] Raw=[frantic-aliquid⦂message⦂apis]
2025/03/04 13:53:42.803370 behaviourStore_helpers.go:154: [35m[SECURITY][0m [SECURITY] [SECURITY] ID=[100035] Raw=[frantic-aliquid⦂list⦂security]
2025/03/04 13:53:42.811368 behaviourStore_helpers.go:154: [35m[SECURITY][0m [SECURITY] [SECURITY] ID=[100036] Raw=[frantic-aliquid⦂view⦂security]
2025/03/04 13:53:42.819397 behaviourStore_helpers.go:154: [35m[SECURITY][0m [SECURITY] [SECURITY] ID=[100037] Raw=[frantic-aliquid⦂edit⦂security]
2025/03/04 13:53:42.827390 behaviourStore_helpers.go:154: [35m[SECURITY][0m [SECURITY] [SECURITY] ID=[100038] Raw=[frantic-aliquid⦂update⦂security]
2025/03/04 13:53:42.843382 behaviourStore_helpers.go:154: [35m[SECURITY][0m [ADMIN] [ADMIN] ID=[100039] Raw=[frantic-aliquid⦂api⦂admin]
2025/03/04 13:53:42.851403 behaviourStore_helpers.go:154: [35m[SECURITY][0m [PASSWORDS] [PASSWORDS] ID=[100040] Raw=[frantic-aliquid⦂edit⦂passwords]
2025/03/04 13:53:42.859342 behaviourStore_helpers.go:154: [35m[SECURITY][0m [SESSIONS] [SESSIONS] ID=[100041] Raw=[frantic-aliquid⦂edit⦂sessions]
2025/03/04 13:53:42.867334 behaviourStore_helpers.go:154: [35m[SECURITY][0m [TEXTS] [TEXTS] ID=[100042] Raw=[frantic-aliquid⦂edit⦂texts]
2025/03/04 13:53:42.875661 behaviourStore_helpers.go:154: [35m[SECURITY][0m [SECURITY] [SECURITY] ID=[100043] Raw=[frantic-aliquid⦂login⦂security]
2025/03/04 13:53:42.884440 behaviourStore_helpers.go:154: [35m[SECURITY][0m [PASSWORDS] [PASSWORDS] ID=[100044] Raw=[frantic-aliquid⦂list⦂passwords]
2025/03/04 13:53:42.892342 behaviourStore_helpers.go:154: [35m[SECURITY][0m [SESSIONS] [SESSIONS] ID=[100045] Raw=[frantic-aliquid⦂list⦂sessions]
2025/03/04 13:53:42.900396 behaviourStore_helpers.go:154: [35m[SECURITY][0m [TEXTS] [TEXTS] ID=[100046] Raw=[frantic-aliquid⦂list⦂texts]
2025/03/04 13:53:42.908301 behaviourStore_helpers.go:154: [35m[SECURITY][0m [ROUTES] [ROUTES] ID=[100047] Raw=[frantic-aliquid⦂route⦂routes]
2025/03/04 13:53:42.916362 behaviourStore_helpers.go:154: [35m[SECURITY][0m [SESSIONS] [SESSIONS] ID=[100048] Raw=[frantic-aliquid⦂update⦂sessions]
2025/03/04 13:53:42.924344 behaviourStore_helpers.go:154: [35m[SECURITY][0m [PASSWORDS] [PASSWORDS] ID=[100049] Raw=[frantic-aliquid⦂update⦂passwords]
2025/03/04 13:53:42.932320 behaviourStore_helpers.go:154: [35m[SECURITY][0m [TEXTS] [TEXTS] ID=[100050] Raw=[frantic-aliquid⦂update⦂texts]
2025/03/04 13:53:42.940387 behaviourStore_helpers.go:154: [35m[SECURITY][0m [PASSWORDS] [PASSWORDS] ID=[100051] Raw=[frantic-aliquid⦂view⦂passwords]
2025/03/04 13:53:42.949372 behaviourStore_helpers.go:154: [35m[SECURITY][0m [SESSIONS] [SESSIONS] ID=[100052] Raw=[frantic-aliquid⦂view⦂sessions]
2025/03/04 13:53:42.957397 behaviourStore_helpers.go:154: [35m[SECURITY][0m [TESTS] [TESTS] ID=[100053] Raw=[frantic-aliquid⦂view⦂tests]
2025/03/04 13:53:42.966386 behaviourStore_helpers.go:154: [35m[SECURITY][0m [TEXTS] [TEXTS] ID=[100054] Raw=[frantic-aliquid⦂view⦂texts]
2025/03/04 13:53:42.966726 userMessage.go:38: [35m[SECURITY][0m [frantic-core] user Source is required
2025/03/04 13:53:42.981416 auth.go:67: [35m[SECURITY][0m Granted 'sys_service' 'frantic-aliquid⦂list⦂authorities' authority
2025/03/04 13:53:43.001507 auth.go:67: [35m[SECURITY][0m Granted 'sys_service' 'frantic-aliquid⦂view⦂authorities' authority
2025/03/04 13:53:43.070682 auth.go:67: [35m[SECURITY][0m Granted 'sys_service' 'frantic-aliquid⦂edit⦂authorities' authority
2025/03/04 13:53:43.088621 auth.go:67: [35m[SECURITY][0m Granted 'sys_service' 'frantic-aliquid⦂update⦂authorities' authority
2025/03/04 13:53:43.107628 auth.go:67: [35m[SECURITY][0m Granted 'sys_service' 'frantic-aliquid⦂list⦂behaviours' authority
2025/03/04 13:53:43.123656 auth.go:67: [35m[SECURITY][0m Granted 'sys_service' 'frantic-aliquid⦂view⦂behaviours' authority
2025/03/04 13:53:43.137625 auth.go:67: [35m[SECURITY][0m Granted 'sys_service' 'frantic-aliquid⦂edit⦂behaviours' authority
2025/03/04 13:53:43.154631 auth.go:67: [35m[SECURITY][0m Granted 'sys_service' 'frantic-aliquid⦂update⦂behaviours' authority
2025/03/04 13:53:43.169602 auth.go:67: [35m[SECURITY][0m Granted 'sys_service' 'frantic-aliquid⦂route⦂home' authority
2025/03/04 13:53:43.183697 auth.go:67: [35m[SECURITY][0m Granted 'sys_service' 'frantic-aliquid⦂message⦂oops' authority
2025/03/04 13:53:43.200630 auth.go:67: [35m[SECURITY][0m Granted 'sys_service' 'frantic-aliquid⦂message⦂fail' authority
2025/03/04 13:53:43.273116 auth.go:67: [35m[SECURITY][0m Granted 'sys_service' 'frantic-aliquid⦂message⦂success' authority
2025/03/04 13:53:43.290181 auth.go:67: [35m[SECURITY][0m Granted 'sys_service' 'frantic-aliquid⦂list⦂users' authority
2025/03/04 13:53:43.308204 auth.go:67: [35m[SECURITY][0m Granted 'sys_service' 'frantic-aliquid⦂view⦂users' authority
2025/03/04 13:53:43.326185 auth.go:67: [35m[SECURITY][0m Granted 'sys_service' 'frantic-aliquid⦂edit⦂users' authority
2025/03/04 13:53:43.353200 auth.go:67: [35m[SECURITY][0m Granted 'sys_service' 'frantic-aliquid⦂update⦂users' authority
2025/03/04 13:53:43.371142 auth.go:67: [35m[SECURITY][0m Granted 'sys_service' 'frantic-aliquid⦂list⦂status' authority
2025/03/04 13:53:43.388130 auth.go:67: [35m[SECURITY][0m Granted 'sys_service' 'frantic-aliquid⦂view⦂status' authority
2025/03/04 13:53:43.403126 auth.go:67: [35m[SECURITY][0m Granted 'sys_service' 'frantic-aliquid⦂edit⦂status' authority
2025/03/04 13:53:43.417294 auth.go:67: [35m[SECURITY][0m Granted 'sys_service' 'frantic-aliquid⦂update⦂status' authority
2025/03/04 13:53:43.444079 auth.go:67: [35m[SECURITY][0m Granted 'sys_service' 'frantic-aliquid⦂view⦂settings' authority
2025/03/04 13:53:43.458201 auth.go:67: [35m[SECURITY][0m Granted 'sys_service' 'frantic-aliquid⦂edit⦂settings' authority
2025/03/04 13:53:43.473027 auth.go:67: [35m[SECURITY][0m Granted 'sys_service' 'frantic-aliquid⦂update⦂settings' authority
2025/03/04 13:53:43.489181 auth.go:67: [35m[SECURITY][0m Granted 'sys_service' 'frantic-aliquid⦂list⦂zones' authority
2025/03/04 13:53:43.504160 auth.go:67: [35m[SECURITY][0m Granted 'sys_service' 'frantic-aliquid⦂view⦂zones' authority
2025/03/04 13:53:43.520127 auth.go:67: [35m[SECURITY][0m Granted 'sys_service' 'frantic-aliquid⦂edit⦂zones' authority
2025/03/04 13:53:43.537123 auth.go:67: [35m[SECURITY][0m Granted 'sys_service' 'frantic-aliquid⦂update⦂zones' authority
2025/03/04 13:53:43.554154 auth.go:67: [35m[SECURITY][0m Granted 'sys_service' 'frantic-aliquid⦂list⦂hosts' authority
2025/03/04 13:53:43.570154 auth.go:67: [35m[SECURITY][0m Granted 'sys_service' 'frantic-aliquid⦂view⦂hosts' authority
2025/03/04 13:53:43.588087 auth.go:67: [35m[SECURITY][0m Granted 'sys_service' 'frantic-aliquid⦂edit⦂hosts' authority
2025/03/04 13:53:43.606163 auth.go:67: [35m[SECURITY][0m Granted 'sys_service' 'frantic-aliquid⦂update⦂hosts' authority
2025/03/04 13:53:43.630185 auth.go:67: [35m[SECURITY][0m Granted 'sys_service' 'frantic-aliquid⦂enable⦂hosts' authority
2025/03/04 13:53:43.646060 auth.go:67: [35m[SECURITY][0m Granted 'sys_service' 'frantic-aliquid⦂disable⦂hosts' authority
2025/03/04 13:53:43.662129 auth.go:67: [35m[SECURITY][0m Granted 'sys_service' 'frantic-aliquid⦂message⦂healthcheck' authority
2025/03/04 13:53:43.678143 auth.go:67: [35m[SECURITY][0m Granted 'sys_service' 'frantic-aliquid⦂message⦂apis' authority
2025/03/04 13:53:43.694190 auth.go:67: [35m[SECURITY][0m Granted 'sys_service' 'frantic-aliquid⦂list⦂security' authority
2025/03/04 13:53:43.710214 auth.go:67: [35m[SECURITY][0m Granted 'sys_service' 'frantic-aliquid⦂view⦂security' authority
2025/03/04 13:53:43.726106 auth.go:67: [35m[SECURITY][0m Granted 'sys_service' 'frantic-aliquid⦂edit⦂security' authority
2025/03/04 13:53:43.742162 auth.go:67: [35m[SECURITY][0m Granted 'sys_service' 'frantic-aliquid⦂update⦂security' authority
2025/03/04 13:53:43.758134 auth.go:67: [35m[SECURITY][0m Granted 'sys_service' 'frantic-aliquid⦂api⦂admin' authority
2025/03/04 13:53:43.777085 auth.go:67: [35m[SECURITY][0m Granted 'sys_service' 'frantic-aliquid⦂edit⦂passwords' authority
2025/03/04 13:53:43.794144 auth.go:67: [35m[SECURITY][0m Granted 'sys_service' 'frantic-aliquid⦂edit⦂sessions' authority
2025/03/04 13:53:43.810164 auth.go:67: [35m[SECURITY][0m Granted 'sys_service' 'frantic-aliquid⦂edit⦂texts' authority
2025/03/04 13:53:43.868061 auth.go:67: [35m[SECURITY][0m Granted 'sys_service' 'frantic-aliquid⦂login⦂security' authority
2025/03/04 13:53:43.884128 auth.go:67: [35m[SECURITY][0m Granted 'sys_service' 'frantic-aliquid⦂list⦂passwords' authority
2025/03/04 13:53:43.900199 auth.go:67: [35m[SECURITY][0m Granted 'sys_service' 'frantic-aliquid⦂list⦂sessions' authority
2025/03/04 13:53:43.917121 auth.go:67: [35m[SECURITY][0m Granted 'sys_service' 'frantic-aliquid⦂list⦂texts' authority
2025/03/04 13:53:44.007803 auth.go:67: [35m[SECURITY][0m Granted 'sys_service' 'frantic-aliquid⦂route⦂routes' authority
2025/03/04 13:53:44.026909 auth.go:67: [35m[SECURITY][0m Granted 'sys_service' 'frantic-aliquid⦂update⦂sessions' authority
2025/03/04 13:53:44.044812 auth.go:67: [35m[SECURITY][0m Granted 'sys_service' 'frantic-aliquid⦂update⦂passwords' authority
2025/03/04 13:53:44.063759 auth.go:67: [35m[SECURITY][0m Granted 'sys_service' 'frantic-aliquid⦂update⦂texts' authority
2025/03/04 13:53:44.080785 auth.go:67: [35m[SECURITY][0m Granted 'sys_service' 'frantic-aliquid⦂view⦂passwords' authority
2025/03/04 13:53:44.096797 auth.go:67: [35m[SECURITY][0m Granted 'sys_service' 'frantic-aliquid⦂view⦂sessions' authority
2025/03/04 13:53:44.114834 auth.go:67: [35m[SECURITY][0m Granted 'sys_service' 'frantic-aliquid⦂view⦂tests' authority
2025/03/04 13:53:44.132784 auth.go:67: [35m[SECURITY][0m Granted 'sys_service' 'frantic-aliquid⦂view⦂texts' authority
